<?xml version="1.0" encoding="UTF-8"?>
<!-- Generated by org.testng.reporters.JUnitReportReporter -->
<testsuite skipped="0" hostname="RAJESHs-MacBook-Air.local" name="project.ExmapleTestcase" tests="2" failures="0" timestamp="2019-12-23T13:06:52 IST" time="5.164" errors="0">
  <testcase name="register" time="2.523" classname="project.ExmapleTestcase"/>
  <testcase name="support" time="2.641" classname="project.ExmapleTestcase"/>
</testsuite> <!-- project.ExmapleTestcase -->
