<?xml version="1.0" encoding="UTF-8"?>
<!-- Generated by org.testng.reporters.JUnitReportReporter -->
<testsuite skipped="0" hostname="RAJESHs-MacBook-Air.local" name="project.LoginTestCase" tests="1" failures="0" timestamp="2019-12-23T12:59:27 IST" time="0.026" errors="0">
  <testcase name="verifyHomepageTitle" time="0.026" classname="project.LoginTestCase"/>
</testsuite> <!-- project.LoginTestCase -->
